2019-10-24 10:57:43,508 INFO org.springframework.boot.StartupInfoLogger [main] Starting Application on dev-pc06 with PID 10528 (C:\Users\ivanyip\IdeaProjects\mvctest\build\classes\java\main started by ivanyip in C:\Users\ivanyip\IdeaProjects\mvctest)
2019-10-24 10:57:43,515 DEBUG org.springframework.boot.StartupInfoLogger [main] Running with Spring Boot v2.1.9.RELEASE, Spring v5.1.10.RELEASE
2019-10-24 10:57:43,516 INFO org.springframework.boot.SpringApplication [main] No active profile set, falling back to default profiles: default
2019-10-24 10:57:44,658 INFO org.springframework.data.repository.config.RepositoryConfigurationDelegate [main] Bootstrapping Spring Data repositories in DEFAULT mode.
2019-10-24 10:57:44,767 INFO org.springframework.data.repository.config.RepositoryConfigurationDelegate [main] Finished Spring Data repository scanning in 95ms. Found 2 repository interfaces.
2019-10-24 10:57:45,299 INFO org.springframework.context.support.PostProcessorRegistrationDelegate$BeanPostProcessorChecker [main] Bean 'org.springframework.transaction.annotation.ProxyTransactionManagementConfiguration' of type [org.springframework.transaction.annotation.ProxyTransactionManagementConfiguration$$EnhancerBySpringCGLIB$$243ad9a] is not eligible for getting processed by all BeanPostProcessors (for example: not eligible for auto-proxying)
2019-10-24 10:57:45,797 INFO org.springframework.boot.web.embedded.tomcat.TomcatWebServer [main] Tomcat initialized with port(s): 8080 (http)
2019-10-24 10:57:45,820 INFO org.apache.juli.logging.DirectJDKLog [main] Initializing ProtocolHandler ["http-nio-8080"]
2019-10-24 10:57:45,841 INFO org.apache.juli.logging.DirectJDKLog [main] Starting service [Tomcat]
2019-10-24 10:57:45,842 INFO org.apache.juli.logging.DirectJDKLog [main] Starting Servlet engine: [Apache Tomcat/9.0.26]
2019-10-24 10:57:46,010 INFO org.apache.juli.logging.DirectJDKLog [main] Initializing Spring embedded WebApplicationContext
2019-10-24 10:57:46,010 INFO org.springframework.boot.web.servlet.context.ServletWebServerApplicationContext [main] Root WebApplicationContext: initialization completed in 2419 ms
2019-10-24 10:57:46,240 INFO com.zaxxer.hikari.HikariDataSource [main] HikariPool-1 - Starting...
2019-10-24 10:57:46,479 INFO com.zaxxer.hikari.HikariDataSource [main] HikariPool-1 - Start completed.
2019-10-24 10:57:46,551 INFO org.hibernate.jpa.internal.util.LogHelper [main] HHH000204: Processing PersistenceUnitInfo [
	name: default
	...]
2019-10-24 10:57:46,672 INFO org.hibernate.Version [main] HHH000412: Hibernate Core {5.3.12.Final}
2019-10-24 10:57:46,673 INFO org.hibernate.cfg.Environment [main] HHH000206: hibernate.properties not found
2019-10-24 10:57:46,883 INFO org.hibernate.annotations.common.reflection.java.JavaReflectionManager [main] HCANN000001: Hibernate Commons Annotations {5.0.4.Final}
2019-10-24 10:57:47,097 INFO org.hibernate.dialect.Dialect [main] HHH000400: Using dialect: org.hibernate.dialect.MySQL5Dialect
2019-10-24 10:57:48,038 INFO org.springframework.orm.jpa.AbstractEntityManagerFactoryBean [main] Initialized JPA EntityManagerFactory for persistence unit 'default'
2019-10-24 10:57:48,582 INFO org.hibernate.hql.internal.QueryTranslatorFactoryInitiator [main] HHH000397: Using ASTQueryTranslatorFactory
2019-10-24 10:57:48,919 INFO org.springframework.security.web.DefaultSecurityFilterChain [main] Creating filter chain: any request, [org.springframework.security.web.context.request.async.WebAsyncManagerIntegrationFilter@c85486, org.springframework.security.web.context.SecurityContextPersistenceFilter@abf1816, org.springframework.security.web.header.HeaderWriterFilter@35b58254, org.springframework.security.web.authentication.logout.LogoutFilter@7169d668, org.springframework.security.web.authentication.UsernamePasswordAuthenticationFilter@234bfc8c, org.springframework.security.web.savedrequest.RequestCacheAwareFilter@7bd1098, org.springframework.security.web.servletapi.SecurityContextHolderAwareRequestFilter@1cdad619, org.springframework.security.web.authentication.AnonymousAuthenticationFilter@51e1e058, org.springframework.security.web.session.SessionManagementFilter@446dacf9, org.springframework.security.web.access.ExceptionTranslationFilter@640a6d4b, org.springframework.security.web.access.intercept.FilterSecurityInterceptor@68f264bf]
2019-10-24 10:57:49,156 INFO org.springframework.scheduling.concurrent.ExecutorConfigurationSupport [main] Initializing ExecutorService 'applicationTaskExecutor'
2019-10-24 10:57:49,221 WARN org.springframework.boot.autoconfigure.orm.jpa.JpaBaseConfiguration$JpaWebConfiguration$JpaWebMvcConfiguration [main] spring.jpa.open-in-view is enabled by default. Therefore, database queries may be performed during view rendering. Explicitly configure spring.jpa.open-in-view to disable this warning
2019-10-24 10:57:49,690 INFO org.apache.juli.logging.DirectJDKLog [main] Starting ProtocolHandler ["http-nio-8080"]
2019-10-24 10:57:49,721 INFO org.springframework.boot.web.embedded.tomcat.TomcatWebServer [main] Tomcat started on port(s): 8080 (http) with context path ''
2019-10-24 10:57:49,725 INFO org.springframework.boot.StartupInfoLogger [main] Started Application in 6.91 seconds (JVM running for 7.458)
2019-10-24 10:57:53,023 INFO org.apache.juli.logging.DirectJDKLog [http-nio-8080-exec-1] Initializing Spring DispatcherServlet 'dispatcherServlet'
2019-10-24 10:57:53,023 INFO org.springframework.web.servlet.FrameworkServlet [http-nio-8080-exec-1] Initializing Servlet 'dispatcherServlet'
2019-10-24 10:57:53,039 INFO org.springframework.web.servlet.FrameworkServlet [http-nio-8080-exec-1] Completed initialization in 16 ms
2019-10-24 10:57:57,812 INFO hu.hibridlevel.test.mvctest.controller.SecurityController [http-nio-8080-exec-6] User list page displayed.
2019-10-24 11:15:38,025 INFO org.springframework.boot.StartupInfoLogger [main] Starting Application on dev-pc06 with PID 12792 (C:\Users\ivanyip\IdeaProjects\mvctest\build\classes\java\main started by ivanyip in C:\Users\ivanyip\IdeaProjects\mvctest)
2019-10-24 11:15:38,029 DEBUG org.springframework.boot.StartupInfoLogger [main] Running with Spring Boot v2.1.9.RELEASE, Spring v5.1.10.RELEASE
2019-10-24 11:15:38,030 INFO org.springframework.boot.SpringApplication [main] No active profile set, falling back to default profiles: default
2019-10-24 11:15:39,070 INFO org.springframework.data.repository.config.RepositoryConfigurationDelegate [main] Bootstrapping Spring Data repositories in DEFAULT mode.
2019-10-24 11:15:39,165 INFO org.springframework.data.repository.config.RepositoryConfigurationDelegate [main] Finished Spring Data repository scanning in 85ms. Found 2 repository interfaces.
2019-10-24 11:15:39,663 INFO org.springframework.context.support.PostProcessorRegistrationDelegate$BeanPostProcessorChecker [main] Bean 'org.springframework.transaction.annotation.ProxyTransactionManagementConfiguration' of type [org.springframework.transaction.annotation.ProxyTransactionManagementConfiguration$$EnhancerBySpringCGLIB$$5511db9f] is not eligible for getting processed by all BeanPostProcessors (for example: not eligible for auto-proxying)
2019-10-24 11:15:40,132 INFO org.springframework.boot.web.embedded.tomcat.TomcatWebServer [main] Tomcat initialized with port(s): 8080 (http)
2019-10-24 11:15:40,154 INFO org.apache.juli.logging.DirectJDKLog [main] Initializing ProtocolHandler ["http-nio-8080"]
2019-10-24 11:15:40,175 INFO org.apache.juli.logging.DirectJDKLog [main] Starting service [Tomcat]
2019-10-24 11:15:40,176 INFO org.apache.juli.logging.DirectJDKLog [main] Starting Servlet engine: [Apache Tomcat/9.0.26]
2019-10-24 11:15:40,348 INFO org.apache.juli.logging.DirectJDKLog [main] Initializing Spring embedded WebApplicationContext
2019-10-24 11:15:40,348 INFO org.springframework.boot.web.servlet.context.ServletWebServerApplicationContext [main] Root WebApplicationContext: initialization completed in 2256 ms
2019-10-24 11:15:40,571 INFO com.zaxxer.hikari.HikariDataSource [main] HikariPool-1 - Starting...
2019-10-24 11:15:40,797 INFO com.zaxxer.hikari.HikariDataSource [main] HikariPool-1 - Start completed.
2019-10-24 11:15:40,867 INFO org.hibernate.jpa.internal.util.LogHelper [main] HHH000204: Processing PersistenceUnitInfo [
	name: default
	...]
2019-10-24 11:15:40,970 INFO org.hibernate.Version [main] HHH000412: Hibernate Core {5.3.12.Final}
2019-10-24 11:15:40,972 INFO org.hibernate.cfg.Environment [main] HHH000206: hibernate.properties not found
2019-10-24 11:15:41,167 INFO org.hibernate.annotations.common.reflection.java.JavaReflectionManager [main] HCANN000001: Hibernate Commons Annotations {5.0.4.Final}
2019-10-24 11:15:41,372 INFO org.hibernate.dialect.Dialect [main] HHH000400: Using dialect: org.hibernate.dialect.MySQL5Dialect
2019-10-24 11:15:42,278 INFO org.springframework.orm.jpa.AbstractEntityManagerFactoryBean [main] Initialized JPA EntityManagerFactory for persistence unit 'default'
2019-10-24 11:15:42,802 INFO org.hibernate.hql.internal.QueryTranslatorFactoryInitiator [main] HHH000397: Using ASTQueryTranslatorFactory
2019-10-24 11:15:43,108 INFO org.springframework.security.web.DefaultSecurityFilterChain [main] Creating filter chain: any request, [org.springframework.security.web.context.request.async.WebAsyncManagerIntegrationFilter@77988c45, org.springframework.security.web.context.SecurityContextPersistenceFilter@49c4118b, org.springframework.security.web.header.HeaderWriterFilter@750c23a3, org.springframework.security.web.authentication.logout.LogoutFilter@44a9971f, org.springframework.security.web.authentication.UsernamePasswordAuthenticationFilter@18d1d137, org.springframework.security.web.savedrequest.RequestCacheAwareFilter@182dcd2b, org.springframework.security.web.servletapi.SecurityContextHolderAwareRequestFilter@13018f00, org.springframework.security.web.authentication.AnonymousAuthenticationFilter@f5f8de2, org.springframework.security.web.session.SessionManagementFilter@182fd26b, org.springframework.security.web.access.ExceptionTranslationFilter@2c92f094, org.springframework.security.web.access.intercept.FilterSecurityInterceptor@1e288c76]
2019-10-24 11:15:43,338 INFO org.springframework.scheduling.concurrent.ExecutorConfigurationSupport [main] Initializing ExecutorService 'applicationTaskExecutor'
2019-10-24 11:15:43,391 WARN org.springframework.boot.autoconfigure.orm.jpa.JpaBaseConfiguration$JpaWebConfiguration$JpaWebMvcConfiguration [main] spring.jpa.open-in-view is enabled by default. Therefore, database queries may be performed during view rendering. Explicitly configure spring.jpa.open-in-view to disable this warning
2019-10-24 11:15:43,742 INFO org.apache.juli.logging.DirectJDKLog [main] Starting ProtocolHandler ["http-nio-8080"]
2019-10-24 11:15:43,773 INFO org.springframework.boot.web.embedded.tomcat.TomcatWebServer [main] Tomcat started on port(s): 8080 (http) with context path ''
2019-10-24 11:15:43,777 INFO org.springframework.boot.StartupInfoLogger [main] Started Application in 6.435 seconds (JVM running for 6.913)
2019-10-24 11:15:47,172 INFO org.apache.juli.logging.DirectJDKLog [http-nio-8080-exec-1] Initializing Spring DispatcherServlet 'dispatcherServlet'
2019-10-24 11:15:47,174 INFO org.springframework.web.servlet.FrameworkServlet [http-nio-8080-exec-1] Initializing Servlet 'dispatcherServlet'
2019-10-24 11:15:47,182 INFO org.springframework.web.servlet.FrameworkServlet [http-nio-8080-exec-1] Completed initialization in 8 ms
2019-10-24 11:15:52,682 INFO hu.hibridlevel.test.mvctest.controller.SecurityController [http-nio-8080-exec-6] User list page displayed.
2019-10-24 11:16:41,843 INFO org.springframework.boot.StartupInfoLogger [main] Starting Application on dev-pc06 with PID 4664 (C:\Users\ivanyip\IdeaProjects\mvctest\build\classes\java\main started by ivanyip in C:\Users\ivanyip\IdeaProjects\mvctest)
2019-10-24 11:16:41,846 DEBUG org.springframework.boot.StartupInfoLogger [main] Running with Spring Boot v2.1.9.RELEASE, Spring v5.1.10.RELEASE
2019-10-24 11:16:41,847 INFO org.springframework.boot.SpringApplication [main] No active profile set, falling back to default profiles: default
2019-10-24 11:16:42,897 INFO org.springframework.data.repository.config.RepositoryConfigurationDelegate [main] Bootstrapping Spring Data repositories in DEFAULT mode.
2019-10-24 11:16:43,001 INFO org.springframework.data.repository.config.RepositoryConfigurationDelegate [main] Finished Spring Data repository scanning in 88ms. Found 2 repository interfaces.
2019-10-24 11:16:43,505 INFO org.springframework.context.support.PostProcessorRegistrationDelegate$BeanPostProcessorChecker [main] Bean 'org.springframework.transaction.annotation.ProxyTransactionManagementConfiguration' of type [org.springframework.transaction.annotation.ProxyTransactionManagementConfiguration$$EnhancerBySpringCGLIB$$321c4db3] is not eligible for getting processed by all BeanPostProcessors (for example: not eligible for auto-proxying)
2019-10-24 11:16:43,979 INFO org.springframework.boot.web.embedded.tomcat.TomcatWebServer [main] Tomcat initialized with port(s): 8080 (http)
2019-10-24 11:16:44,002 INFO org.apache.juli.logging.DirectJDKLog [main] Initializing ProtocolHandler ["http-nio-8080"]
2019-10-24 11:16:44,023 INFO org.apache.juli.logging.DirectJDKLog [main] Starting service [Tomcat]
2019-10-24 11:16:44,024 INFO org.apache.juli.logging.DirectJDKLog [main] Starting Servlet engine: [Apache Tomcat/9.0.26]
2019-10-24 11:16:44,191 INFO org.apache.juli.logging.DirectJDKLog [main] Initializing Spring embedded WebApplicationContext
2019-10-24 11:16:44,192 INFO org.springframework.boot.web.servlet.context.ServletWebServerApplicationContext [main] Root WebApplicationContext: initialization completed in 2284 ms
2019-10-24 11:16:44,411 INFO com.zaxxer.hikari.HikariDataSource [main] HikariPool-1 - Starting...
2019-10-24 11:16:44,624 INFO com.zaxxer.hikari.HikariDataSource [main] HikariPool-1 - Start completed.
2019-10-24 11:16:44,689 INFO org.hibernate.jpa.internal.util.LogHelper [main] HHH000204: Processing PersistenceUnitInfo [
	name: default
	...]
2019-10-24 11:16:44,795 INFO org.hibernate.Version [main] HHH000412: Hibernate Core {5.3.12.Final}
2019-10-24 11:16:44,797 INFO org.hibernate.cfg.Environment [main] HHH000206: hibernate.properties not found
2019-10-24 11:16:44,989 INFO org.hibernate.annotations.common.reflection.java.JavaReflectionManager [main] HCANN000001: Hibernate Commons Annotations {5.0.4.Final}
2019-10-24 11:16:45,179 INFO org.hibernate.dialect.Dialect [main] HHH000400: Using dialect: org.hibernate.dialect.MySQL5Dialect
2019-10-24 11:16:46,096 INFO org.springframework.orm.jpa.AbstractEntityManagerFactoryBean [main] Initialized JPA EntityManagerFactory for persistence unit 'default'
2019-10-24 11:16:46,626 INFO org.hibernate.hql.internal.QueryTranslatorFactoryInitiator [main] HHH000397: Using ASTQueryTranslatorFactory
2019-10-24 11:16:46,944 INFO org.springframework.security.web.DefaultSecurityFilterChain [main] Creating filter chain: any request, [org.springframework.security.web.context.request.async.WebAsyncManagerIntegrationFilter@68f264bf, org.springframework.security.web.context.SecurityContextPersistenceFilter@7ef7f414, org.springframework.security.web.header.HeaderWriterFilter@238280df, org.springframework.security.web.authentication.logout.LogoutFilter@2e2cd42c, org.springframework.security.web.authentication.UsernamePasswordAuthenticationFilter@1d1deb11, org.springframework.security.web.savedrequest.RequestCacheAwareFilter@4c3d72fd, org.springframework.security.web.servletapi.SecurityContextHolderAwareRequestFilter@abf1816, org.springframework.security.web.authentication.AnonymousAuthenticationFilter@77988c45, org.springframework.security.web.session.SessionManagementFilter@5dc120ab, org.springframework.security.web.access.ExceptionTranslationFilter@1c3b221f, org.springframework.security.web.access.intercept.FilterSecurityInterceptor@77d58f3a]
2019-10-24 11:16:47,136 INFO org.springframework.scheduling.concurrent.ExecutorConfigurationSupport [main] Initializing ExecutorService 'applicationTaskExecutor'
2019-10-24 11:16:47,188 WARN org.springframework.boot.autoconfigure.orm.jpa.JpaBaseConfiguration$JpaWebConfiguration$JpaWebMvcConfiguration [main] spring.jpa.open-in-view is enabled by default. Therefore, database queries may be performed during view rendering. Explicitly configure spring.jpa.open-in-view to disable this warning
2019-10-24 11:16:47,533 INFO org.apache.juli.logging.DirectJDKLog [main] Starting ProtocolHandler ["http-nio-8080"]
2019-10-24 11:16:47,564 INFO org.springframework.boot.web.embedded.tomcat.TomcatWebServer [main] Tomcat started on port(s): 8080 (http) with context path ''
2019-10-24 11:16:47,568 INFO org.springframework.boot.StartupInfoLogger [main] Started Application in 6.399 seconds (JVM running for 6.877)
2019-10-24 11:16:59,391 INFO org.apache.juli.logging.DirectJDKLog [http-nio-8080-exec-1] Initializing Spring DispatcherServlet 'dispatcherServlet'
2019-10-24 11:16:59,392 INFO org.springframework.web.servlet.FrameworkServlet [http-nio-8080-exec-1] Initializing Servlet 'dispatcherServlet'
2019-10-24 11:16:59,402 INFO org.springframework.web.servlet.FrameworkServlet [http-nio-8080-exec-1] Completed initialization in 9 ms
2019-10-24 11:17:03,764 INFO hu.hibridlevel.test.mvctest.controller.SecurityController [http-nio-8080-exec-4] User list page displayed.
2019-10-24 11:18:19,112 INFO org.springframework.boot.StartupInfoLogger [main] Starting Application on dev-pc06 with PID 8696 (C:\Users\ivanyip\IdeaProjects\mvctest\build\classes\java\main started by ivanyip in C:\Users\ivanyip\IdeaProjects\mvctest)
2019-10-24 11:18:19,116 DEBUG org.springframework.boot.StartupInfoLogger [main] Running with Spring Boot v2.1.9.RELEASE, Spring v5.1.10.RELEASE
2019-10-24 11:18:19,117 INFO org.springframework.boot.SpringApplication [main] No active profile set, falling back to default profiles: default
2019-10-24 11:18:20,137 INFO org.springframework.data.repository.config.RepositoryConfigurationDelegate [main] Bootstrapping Spring Data repositories in DEFAULT mode.
2019-10-24 11:18:20,231 INFO org.springframework.data.repository.config.RepositoryConfigurationDelegate [main] Finished Spring Data repository scanning in 83ms. Found 2 repository interfaces.
2019-10-24 11:18:20,724 INFO org.springframework.context.support.PostProcessorRegistrationDelegate$BeanPostProcessorChecker [main] Bean 'org.springframework.transaction.annotation.ProxyTransactionManagementConfiguration' of type [org.springframework.transaction.annotation.ProxyTransactionManagementConfiguration$$EnhancerBySpringCGLIB$$e2b7695b] is not eligible for getting processed by all BeanPostProcessors (for example: not eligible for auto-proxying)
2019-10-24 11:18:21,223 INFO org.springframework.boot.web.embedded.tomcat.TomcatWebServer [main] Tomcat initialized with port(s): 8080 (http)
2019-10-24 11:18:21,247 INFO org.apache.juli.logging.DirectJDKLog [main] Initializing ProtocolHandler ["http-nio-8080"]
2019-10-24 11:18:21,268 INFO org.apache.juli.logging.DirectJDKLog [main] Starting service [Tomcat]
2019-10-24 11:18:21,269 INFO org.apache.juli.logging.DirectJDKLog [main] Starting Servlet engine: [Apache Tomcat/9.0.26]
2019-10-24 11:18:21,447 INFO org.apache.juli.logging.DirectJDKLog [main] Initializing Spring embedded WebApplicationContext
2019-10-24 11:18:21,447 INFO org.springframework.boot.web.servlet.context.ServletWebServerApplicationContext [main] Root WebApplicationContext: initialization completed in 2268 ms
2019-10-24 11:18:21,672 INFO com.zaxxer.hikari.HikariDataSource [main] HikariPool-1 - Starting...
2019-10-24 11:18:21,899 INFO com.zaxxer.hikari.HikariDataSource [main] HikariPool-1 - Start completed.
2019-10-24 11:18:21,968 INFO org.hibernate.jpa.internal.util.LogHelper [main] HHH000204: Processing PersistenceUnitInfo [
	name: default
	...]
2019-10-24 11:18:22,057 INFO org.hibernate.Version [main] HHH000412: Hibernate Core {5.3.12.Final}
2019-10-24 11:18:22,060 INFO org.hibernate.cfg.Environment [main] HHH000206: hibernate.properties not found
2019-10-24 11:18:22,250 INFO org.hibernate.annotations.common.reflection.java.JavaReflectionManager [main] HCANN000001: Hibernate Commons Annotations {5.0.4.Final}
2019-10-24 11:18:22,450 INFO org.hibernate.dialect.Dialect [main] HHH000400: Using dialect: org.hibernate.dialect.MySQL5Dialect
2019-10-24 11:18:23,352 INFO org.springframework.orm.jpa.AbstractEntityManagerFactoryBean [main] Initialized JPA EntityManagerFactory for persistence unit 'default'
2019-10-24 11:18:23,944 INFO org.hibernate.hql.internal.QueryTranslatorFactoryInitiator [main] HHH000397: Using ASTQueryTranslatorFactory
2019-10-24 11:18:24,343 INFO org.springframework.security.web.DefaultSecurityFilterChain [main] Creating filter chain: any request, [org.springframework.security.web.context.request.async.WebAsyncManagerIntegrationFilter@1820f274, org.springframework.security.web.context.SecurityContextPersistenceFilter@319058ce, org.springframework.security.web.header.HeaderWriterFilter@1f365a26, org.springframework.security.web.authentication.logout.LogoutFilter@4af44f2a, org.springframework.security.web.authentication.UsernamePasswordAuthenticationFilter@23e0c200, org.springframework.security.web.savedrequest.RequestCacheAwareFilter@71cc0e35, org.springframework.security.web.servletapi.SecurityContextHolderAwareRequestFilter@90394d, org.springframework.security.web.authentication.AnonymousAuthenticationFilter@221cdd87, org.springframework.security.web.session.SessionManagementFilter@2e2cd42c, org.springframework.security.web.access.ExceptionTranslationFilter@374ba492, org.springframework.security.web.access.intercept.FilterSecurityInterceptor@35dc849b]
2019-10-24 11:18:24,565 INFO org.springframework.scheduling.concurrent.ExecutorConfigurationSupport [main] Initializing ExecutorService 'applicationTaskExecutor'
2019-10-24 11:18:24,672 WARN org.springframework.boot.autoconfigure.orm.jpa.JpaBaseConfiguration$JpaWebConfiguration$JpaWebMvcConfiguration [main] spring.jpa.open-in-view is enabled by default. Therefore, database queries may be performed during view rendering. Explicitly configure spring.jpa.open-in-view to disable this warning
2019-10-24 11:18:24,998 INFO org.apache.juli.logging.DirectJDKLog [main] Starting ProtocolHandler ["http-nio-8080"]
2019-10-24 11:18:25,031 INFO org.springframework.boot.web.embedded.tomcat.TomcatWebServer [main] Tomcat started on port(s): 8080 (http) with context path ''
2019-10-24 11:18:25,035 INFO org.springframework.boot.StartupInfoLogger [main] Started Application in 6.57 seconds (JVM running for 7.081)
2019-10-24 11:18:26,200 INFO org.apache.juli.logging.DirectJDKLog [http-nio-8080-exec-1] Initializing Spring DispatcherServlet 'dispatcherServlet'
2019-10-24 11:18:26,202 INFO org.springframework.web.servlet.FrameworkServlet [http-nio-8080-exec-1] Initializing Servlet 'dispatcherServlet'
2019-10-24 11:18:26,211 INFO org.springframework.web.servlet.FrameworkServlet [http-nio-8080-exec-1] Completed initialization in 9 ms
2019-10-24 11:18:33,230 INFO hu.hibridlevel.test.mvctest.controller.SecurityController [http-nio-8080-exec-8] User list page displayed.
2019-10-24 11:53:02,948 INFO org.springframework.boot.StartupInfoLogger [main] Starting Application on dev-pc06 with PID 7120 (C:\Users\ivanyip\IdeaProjects\mvctest\build\classes\java\main started by ivanyip in C:\Users\ivanyip\IdeaProjects\mvctest)
2019-10-24 11:53:02,951 DEBUG org.springframework.boot.StartupInfoLogger [main] Running with Spring Boot v2.1.9.RELEASE, Spring v5.1.10.RELEASE
2019-10-24 11:53:02,952 INFO org.springframework.boot.SpringApplication [main] No active profile set, falling back to default profiles: default
2019-10-24 11:53:03,957 INFO org.springframework.data.repository.config.RepositoryConfigurationDelegate [main] Bootstrapping Spring Data repositories in DEFAULT mode.
2019-10-24 11:53:04,055 INFO org.springframework.data.repository.config.RepositoryConfigurationDelegate [main] Finished Spring Data repository scanning in 85ms. Found 2 repository interfaces.
2019-10-24 11:53:04,540 INFO org.springframework.context.support.PostProcessorRegistrationDelegate$BeanPostProcessorChecker [main] Bean 'org.springframework.transaction.annotation.ProxyTransactionManagementConfiguration' of type [org.springframework.transaction.annotation.ProxyTransactionManagementConfiguration$$EnhancerBySpringCGLIB$$e26b43ae] is not eligible for getting processed by all BeanPostProcessors (for example: not eligible for auto-proxying)
2019-10-24 11:53:05,023 INFO org.springframework.boot.web.embedded.tomcat.TomcatWebServer [main] Tomcat initialized with port(s): 8080 (http)
2019-10-24 11:53:05,045 INFO org.apache.juli.logging.DirectJDKLog [main] Initializing ProtocolHandler ["http-nio-8080"]
2019-10-24 11:53:05,066 INFO org.apache.juli.logging.DirectJDKLog [main] Starting service [Tomcat]
2019-10-24 11:53:05,067 INFO org.apache.juli.logging.DirectJDKLog [main] Starting Servlet engine: [Apache Tomcat/9.0.26]
2019-10-24 11:53:05,250 INFO org.apache.juli.logging.DirectJDKLog [main] Initializing Spring embedded WebApplicationContext
2019-10-24 11:53:05,250 INFO org.springframework.boot.web.servlet.context.ServletWebServerApplicationContext [main] Root WebApplicationContext: initialization completed in 2249 ms
2019-10-24 11:53:05,472 INFO com.zaxxer.hikari.HikariDataSource [main] HikariPool-1 - Starting...
2019-10-24 11:53:05,699 INFO com.zaxxer.hikari.HikariDataSource [main] HikariPool-1 - Start completed.
2019-10-24 11:53:05,764 INFO org.hibernate.jpa.internal.util.LogHelper [main] HHH000204: Processing PersistenceUnitInfo [
	name: default
	...]
2019-10-24 11:53:05,860 INFO org.hibernate.Version [main] HHH000412: Hibernate Core {5.3.12.Final}
2019-10-24 11:53:05,862 INFO org.hibernate.cfg.Environment [main] HHH000206: hibernate.properties not found
2019-10-24 11:53:06,051 INFO org.hibernate.annotations.common.reflection.java.JavaReflectionManager [main] HCANN000001: Hibernate Commons Annotations {5.0.4.Final}
2019-10-24 11:53:06,244 INFO org.hibernate.dialect.Dialect [main] HHH000400: Using dialect: org.hibernate.dialect.MySQL5Dialect
2019-10-24 11:53:07,164 INFO org.springframework.orm.jpa.AbstractEntityManagerFactoryBean [main] Initialized JPA EntityManagerFactory for persistence unit 'default'
2019-10-24 11:53:07,693 INFO org.hibernate.hql.internal.QueryTranslatorFactoryInitiator [main] HHH000397: Using ASTQueryTranslatorFactory
2019-10-24 11:53:07,996 INFO org.springframework.security.web.DefaultSecurityFilterChain [main] Creating filter chain: any request, [org.springframework.security.web.context.request.async.WebAsyncManagerIntegrationFilter@2761156e, org.springframework.security.web.context.SecurityContextPersistenceFilter@78f4d15d, org.springframework.security.web.header.HeaderWriterFilter@3909308c, org.springframework.security.web.authentication.logout.LogoutFilter@19f99aaf, org.springframework.security.web.authentication.UsernamePasswordAuthenticationFilter@28515443, org.springframework.security.web.savedrequest.RequestCacheAwareFilter@314c28dc, org.springframework.security.web.servletapi.SecurityContextHolderAwareRequestFilter@a302f30, org.springframework.security.web.authentication.AnonymousAuthenticationFilter@4cf15477, org.springframework.security.web.session.SessionManagementFilter@3b6c740b, org.springframework.security.web.access.ExceptionTranslationFilter@1cdad619, org.springframework.security.web.access.intercept.FilterSecurityInterceptor@23e0c200]
2019-10-24 11:53:08,204 INFO org.springframework.scheduling.concurrent.ExecutorConfigurationSupport [main] Initializing ExecutorService 'applicationTaskExecutor'
2019-10-24 11:53:08,341 WARN org.springframework.boot.autoconfigure.orm.jpa.JpaBaseConfiguration$JpaWebConfiguration$JpaWebMvcConfiguration [main] spring.jpa.open-in-view is enabled by default. Therefore, database queries may be performed during view rendering. Explicitly configure spring.jpa.open-in-view to disable this warning
2019-10-24 11:53:08,680 INFO org.apache.juli.logging.DirectJDKLog [main] Starting ProtocolHandler ["http-nio-8080"]
2019-10-24 11:53:08,711 INFO org.springframework.boot.web.embedded.tomcat.TomcatWebServer [main] Tomcat started on port(s): 8080 (http) with context path ''
2019-10-24 11:53:08,715 INFO org.springframework.boot.StartupInfoLogger [main] Started Application in 6.429 seconds (JVM running for 6.916)
2019-10-24 11:53:15,188 INFO org.apache.juli.logging.DirectJDKLog [http-nio-8080-exec-1] Initializing Spring DispatcherServlet 'dispatcherServlet'
2019-10-24 11:53:15,189 INFO org.springframework.web.servlet.FrameworkServlet [http-nio-8080-exec-1] Initializing Servlet 'dispatcherServlet'
2019-10-24 11:53:15,199 INFO org.springframework.web.servlet.FrameworkServlet [http-nio-8080-exec-1] Completed initialization in 10 ms
2019-10-24 11:53:19,543 INFO hu.hibridlevel.test.mvctest.controller.SecurityController [http-nio-8080-exec-6] User list page displayed.
2019-10-24 11:53:23,550 DEBUG hu.hibridlevel.test.mvctest.service.user.UserService [http-nio-8080-exec-9] User find by id: 1
2019-10-24 11:53:23,576 INFO hu.hibridlevel.test.mvctest.controller.SecurityController [http-nio-8080-exec-10] User list page displayed.
2019-10-24 11:53:24,938 DEBUG hu.hibridlevel.test.mvctest.service.user.UserService [http-nio-8080-exec-2] User find by id: 2
2019-10-24 11:53:24,945 INFO hu.hibridlevel.test.mvctest.controller.SecurityController [http-nio-8080-exec-2] Update user page displayed.
2019-10-24 11:53:27,296 DEBUG hu.hibridlevel.test.mvctest.service.user.UserService [http-nio-8080-exec-5] User find by id: 2
2019-10-24 11:53:27,321 DEBUG hu.hibridlevel.test.mvctest.service.user.UserService [http-nio-8080-exec-6] User find by id: 2
2019-10-24 11:53:27,325 INFO hu.hibridlevel.test.mvctest.controller.SecurityController [http-nio-8080-exec-6] Update user page displayed.
2019-10-24 11:53:32,851 DEBUG hu.hibridlevel.test.mvctest.service.user.UserService [http-nio-8080-exec-8] User find by id: 2
2019-10-24 11:53:32,875 DEBUG hu.hibridlevel.test.mvctest.service.user.UserService [http-nio-8080-exec-8] User activity updated: false
2019-10-24 11:53:32,876 INFO hu.hibridlevel.test.mvctest.controller.SecurityController [http-nio-8080-exec-8] User activity changed: false
2019-10-24 11:53:32,886 DEBUG hu.hibridlevel.test.mvctest.service.user.UserService [http-nio-8080-exec-9] User find by id: 2
2019-10-24 11:53:32,890 INFO hu.hibridlevel.test.mvctest.controller.SecurityController [http-nio-8080-exec-9] Update user page displayed.
2019-10-24 11:53:35,090 DEBUG hu.hibridlevel.test.mvctest.service.user.UserService [http-nio-8080-exec-1] User find by id: 2
2019-10-24 11:53:35,101 DEBUG hu.hibridlevel.test.mvctest.service.user.UserService [http-nio-8080-exec-2] User find by id: 2
2019-10-24 11:53:35,105 INFO hu.hibridlevel.test.mvctest.controller.SecurityController [http-nio-8080-exec-2] Update user page displayed.
2019-10-24 11:53:40,644 DEBUG hu.hibridlevel.test.mvctest.service.user.UserService [http-nio-8080-exec-5] User find by id: 2
2019-10-24 11:53:40,661 DEBUG hu.hibridlevel.test.mvctest.service.user.UserService [http-nio-8080-exec-5] User role updated: {}
2019-10-24 11:53:40,671 DEBUG hu.hibridlevel.test.mvctest.service.user.UserService [http-nio-8080-exec-6] User find by id: 2
2019-10-24 11:53:40,675 INFO hu.hibridlevel.test.mvctest.controller.SecurityController [http-nio-8080-exec-6] Update user page displayed.
2019-10-24 11:53:43,965 INFO hu.hibridlevel.test.mvctest.controller.SecurityController [http-nio-8080-exec-8] User list page displayed.
2019-10-24 11:54:01,411 DEBUG hu.hibridlevel.test.mvctest.service.user.UserService [http-nio-8080-exec-1] User find by id: 1
2019-10-24 11:54:01,413 INFO hu.hibridlevel.test.mvctest.controller.SecurityController [http-nio-8080-exec-1] User not deleted.
2019-10-24 11:54:01,426 INFO hu.hibridlevel.test.mvctest.controller.SecurityController [http-nio-8080-exec-2] User list page displayed.
2019-10-24 11:54:04,554 DEBUG hu.hibridlevel.test.mvctest.service.user.UserService [http-nio-8080-exec-4] User find by id: 3
2019-10-24 11:54:04,558 INFO hu.hibridlevel.test.mvctest.controller.SecurityController [http-nio-8080-exec-4] Update user page displayed.
2019-10-24 11:54:07,130 DEBUG hu.hibridlevel.test.mvctest.service.user.UserService [http-nio-8080-exec-6] User find by id: 3
2019-10-24 11:54:07,135 DEBUG hu.hibridlevel.test.mvctest.service.user.UserService [http-nio-8080-exec-6] Username updated: user20001
2019-10-24 11:54:07,136 INFO hu.hibridlevel.test.mvctest.controller.SecurityController [http-nio-8080-exec-6] Username updated: user20001
2019-10-24 11:54:07,144 DEBUG hu.hibridlevel.test.mvctest.service.user.UserService [http-nio-8080-exec-7] User find by id: 3
2019-10-24 11:54:07,148 INFO hu.hibridlevel.test.mvctest.controller.SecurityController [http-nio-8080-exec-7] Update user page displayed.
2019-10-24 11:54:09,306 DEBUG hu.hibridlevel.test.mvctest.service.user.UserService [http-nio-8080-exec-9] User find by id: 3
2019-10-24 11:54:09,318 DEBUG hu.hibridlevel.test.mvctest.service.user.UserService [http-nio-8080-exec-10] User find by id: 3
2019-10-24 11:54:09,321 INFO hu.hibridlevel.test.mvctest.controller.SecurityController [http-nio-8080-exec-10] Update user page displayed.
2019-10-24 11:54:21,415 INFO hu.hibridlevel.test.mvctest.controller.SecurityController [http-nio-8080-exec-3] User list page displayed.
2019-10-24 11:54:22,738 DEBUG hu.hibridlevel.test.mvctest.service.user.UserService [http-nio-8080-exec-5] User find by id: 3
2019-10-24 11:54:22,741 INFO hu.hibridlevel.test.mvctest.controller.SecurityController [http-nio-8080-exec-5] Update user page displayed.
2019-10-24 11:54:31,518 DEBUG hu.hibridlevel.test.mvctest.service.user.UserService [http-nio-8080-exec-8] User find by id: 3
2019-10-24 11:54:31,522 DEBUG hu.hibridlevel.test.mvctest.service.user.UserService [http-nio-8080-exec-8] Username updated: user200017866
2019-10-24 11:54:31,522 INFO hu.hibridlevel.test.mvctest.controller.SecurityController [http-nio-8080-exec-8] Username updated: user200017866
2019-10-24 11:54:31,531 DEBUG hu.hibridlevel.test.mvctest.service.user.UserService [http-nio-8080-exec-9] User find by id: 3
2019-10-24 11:54:31,533 INFO hu.hibridlevel.test.mvctest.controller.SecurityController [http-nio-8080-exec-9] Update user page displayed.
2019-10-24 11:54:36,322 DEBUG hu.hibridlevel.test.mvctest.service.user.UserService [http-nio-8080-exec-1] User find by id: 3
2019-10-24 11:54:36,332 DEBUG hu.hibridlevel.test.mvctest.service.user.UserService [http-nio-8080-exec-2] User find by id: 3
2019-10-24 11:54:36,336 INFO hu.hibridlevel.test.mvctest.controller.SecurityController [http-nio-8080-exec-2] Update user page displayed.
2019-10-24 11:54:42,451 DEBUG hu.hibridlevel.test.mvctest.service.user.UserService [http-nio-8080-exec-5] User find by id: 3
2019-10-24 11:54:42,456 DEBUG hu.hibridlevel.test.mvctest.service.user.UserService [http-nio-8080-exec-5] Username updated: user20
2019-10-24 11:54:42,456 INFO hu.hibridlevel.test.mvctest.controller.SecurityController [http-nio-8080-exec-5] Username updated: user20
2019-10-24 11:54:42,464 DEBUG hu.hibridlevel.test.mvctest.service.user.UserService [http-nio-8080-exec-6] User find by id: 3
2019-10-24 11:54:42,466 INFO hu.hibridlevel.test.mvctest.controller.SecurityController [http-nio-8080-exec-6] Update user page displayed.
2019-10-24 11:54:43,894 INFO hu.hibridlevel.test.mvctest.controller.SecurityController [http-nio-8080-exec-8] User list page displayed.
2019-10-24 11:58:31,518 INFO hu.hibridlevel.test.mvctest.controller.SecurityController [http-nio-8080-exec-2] Create new user page displayed.
2019-10-24 11:58:40,415 INFO hu.hibridlevel.test.mvctest.controller.SecurityController [http-nio-8080-exec-4] Invalid inputs: [Field error in object 'user' on field 'username': rejected value [null]; codes []; arguments []; default message [Username not valid], Field error in object '' on field '': rejected value [null]; codes []; arguments []; default message [Username already exists]]
2019-10-24 11:58:40,421 INFO hu.hibridlevel.test.mvctest.controller.SecurityController [http-nio-8080-exec-5] Create new user page displayed.
2019-10-24 11:58:56,650 DEBUG hu.hibridlevel.test.mvctest.service.user.UserService [http-nio-8080-exec-8] Role added to new user.
2019-10-24 11:58:56,664 DEBUG hu.hibridlevel.test.mvctest.service.user.UserService [http-nio-8080-exec-8] New user saved in database: admin12345 
2019-10-24 11:58:56,665 INFO hu.hibridlevel.test.mvctest.controller.SecurityController [http-nio-8080-exec-8] User created succesfully: admin12345
2019-10-24 11:58:56,670 INFO hu.hibridlevel.test.mvctest.controller.SecurityController [http-nio-8080-exec-9] Create new user page displayed.
2019-10-24 11:58:58,122 INFO hu.hibridlevel.test.mvctest.controller.SecurityController [http-nio-8080-exec-1] User list page displayed.
2019-10-24 11:59:01,631 DEBUG hu.hibridlevel.test.mvctest.service.user.UserService [http-nio-8080-exec-3] User find by id: 294
2019-10-24 11:59:01,634 INFO hu.hibridlevel.test.mvctest.controller.SecurityController [http-nio-8080-exec-3] Update user page displayed.
2019-10-24 11:59:05,094 DEBUG hu.hibridlevel.test.mvctest.service.user.UserService [http-nio-8080-exec-5] User find by id: 294
2019-10-24 11:59:05,105 DEBUG hu.hibridlevel.test.mvctest.service.user.UserService [http-nio-8080-exec-6] User find by id: 294
2019-10-24 11:59:05,107 INFO hu.hibridlevel.test.mvctest.controller.SecurityController [http-nio-8080-exec-6] Update user page displayed.
2019-10-24 13:03:27,539 INFO hu.hibridlevel.test.mvctest.controller.SecurityController [http-nio-8080-exec-3] User list page displayed.
2019-10-24 13:03:30,987 DEBUG hu.hibridlevel.test.mvctest.service.user.UserService [http-nio-8080-exec-6] User find by id: 1
2019-10-24 13:03:31,000 INFO hu.hibridlevel.test.mvctest.controller.SecurityController [http-nio-8080-exec-7] User list page displayed.
2019-10-24 15:48:32,128 INFO org.springframework.boot.StartupInfoLogger [main] Starting Application on dev-pc06 with PID 2568 (C:\Users\ivanyip\IdeaProjects\mvctest\build\classes\java\main started by ivanyip in C:\Users\ivanyip\IdeaProjects\mvctest)
2019-10-24 15:48:32,144 DEBUG org.springframework.boot.StartupInfoLogger [main] Running with Spring Boot v2.1.9.RELEASE, Spring v5.1.10.RELEASE
2019-10-24 15:48:32,144 INFO org.springframework.boot.SpringApplication [main] No active profile set, falling back to default profiles: default
2019-10-24 15:48:33,131 INFO org.springframework.data.repository.config.RepositoryConfigurationDelegate [main] Bootstrapping Spring Data repositories in DEFAULT mode.
2019-10-24 15:48:33,231 INFO org.springframework.data.repository.config.RepositoryConfigurationDelegate [main] Finished Spring Data repository scanning in 85ms. Found 2 repository interfaces.
2019-10-24 15:48:33,732 INFO org.springframework.context.support.PostProcessorRegistrationDelegate$BeanPostProcessorChecker [main] Bean 'org.springframework.transaction.annotation.ProxyTransactionManagementConfiguration' of type [org.springframework.transaction.annotation.ProxyTransactionManagementConfiguration$$EnhancerBySpringCGLIB$$f26faf26] is not eligible for getting processed by all BeanPostProcessors (for example: not eligible for auto-proxying)
2019-10-24 15:48:34,227 INFO org.springframework.boot.web.embedded.tomcat.TomcatWebServer [main] Tomcat initialized with port(s): 8080 (http)
2019-10-24 15:48:34,249 INFO org.apache.juli.logging.DirectJDKLog [main] Initializing ProtocolHandler ["http-nio-8080"]
2019-10-24 15:48:34,270 INFO org.apache.juli.logging.DirectJDKLog [main] Starting service [Tomcat]
2019-10-24 15:48:34,270 INFO org.apache.juli.logging.DirectJDKLog [main] Starting Servlet engine: [Apache Tomcat/9.0.26]
2019-10-24 15:48:34,467 INFO org.apache.juli.logging.DirectJDKLog [main] Initializing Spring embedded WebApplicationContext
2019-10-24 15:48:34,467 INFO org.springframework.boot.web.servlet.context.ServletWebServerApplicationContext [main] Root WebApplicationContext: initialization completed in 2276 ms
2019-10-24 15:48:34,689 INFO com.zaxxer.hikari.HikariDataSource [main] HikariPool-1 - Starting...
2019-10-24 15:48:34,909 INFO com.zaxxer.hikari.HikariDataSource [main] HikariPool-1 - Start completed.
2019-10-24 15:48:34,975 INFO org.hibernate.jpa.internal.util.LogHelper [main] HHH000204: Processing PersistenceUnitInfo [
	name: default
	...]
2019-10-24 15:48:35,086 INFO org.hibernate.Version [main] HHH000412: Hibernate Core {5.3.12.Final}
2019-10-24 15:48:35,088 INFO org.hibernate.cfg.Environment [main] HHH000206: hibernate.properties not found
2019-10-24 15:48:35,275 INFO org.hibernate.annotations.common.reflection.java.JavaReflectionManager [main] HCANN000001: Hibernate Commons Annotations {5.0.4.Final}
2019-10-24 15:48:35,464 INFO org.hibernate.dialect.Dialect [main] HHH000400: Using dialect: org.hibernate.dialect.MySQL5Dialect
2019-10-24 15:48:36,392 INFO org.springframework.orm.jpa.AbstractEntityManagerFactoryBean [main] Initialized JPA EntityManagerFactory for persistence unit 'default'
2019-10-24 15:48:36,940 INFO org.hibernate.hql.internal.QueryTranslatorFactoryInitiator [main] HHH000397: Using ASTQueryTranslatorFactory
2019-10-24 15:48:37,257 INFO org.springframework.security.web.DefaultSecurityFilterChain [main] Creating filter chain: any request, [org.springframework.security.web.context.request.async.WebAsyncManagerIntegrationFilter@738ed8f5, org.springframework.security.web.context.SecurityContextPersistenceFilter@50f13494, org.springframework.security.web.header.HeaderWriterFilter@53917c92, org.springframework.security.web.authentication.logout.LogoutFilter@73baf7f0, org.springframework.security.web.authentication.UsernamePasswordAuthenticationFilter@38874eb5, org.springframework.security.web.savedrequest.RequestCacheAwareFilter@6f2bf657, org.springframework.security.web.servletapi.SecurityContextHolderAwareRequestFilter@5dc120ab, org.springframework.security.web.authentication.AnonymousAuthenticationFilter@1cfb7450, org.springframework.security.web.session.SessionManagementFilter@68de8522, org.springframework.security.web.access.ExceptionTranslationFilter@3879feec, org.springframework.security.web.access.intercept.FilterSecurityInterceptor@53551fef]
2019-10-24 15:48:37,481 INFO org.springframework.scheduling.concurrent.ExecutorConfigurationSupport [main] Initializing ExecutorService 'applicationTaskExecutor'
2019-10-24 15:48:37,540 WARN org.springframework.boot.autoconfigure.orm.jpa.JpaBaseConfiguration$JpaWebConfiguration$JpaWebMvcConfiguration [main] spring.jpa.open-in-view is enabled by default. Therefore, database queries may be performed during view rendering. Explicitly configure spring.jpa.open-in-view to disable this warning
2019-10-24 15:48:37,887 INFO org.apache.juli.logging.DirectJDKLog [main] Starting ProtocolHandler ["http-nio-8080"]
2019-10-24 15:48:37,918 INFO org.springframework.boot.web.embedded.tomcat.TomcatWebServer [main] Tomcat started on port(s): 8080 (http) with context path ''
2019-10-24 15:48:37,922 INFO org.springframework.boot.StartupInfoLogger [main] Started Application in 6.461 seconds (JVM running for 6.942)
2019-10-24 15:48:40,951 INFO org.apache.juli.logging.DirectJDKLog [http-nio-8080-exec-1] Initializing Spring DispatcherServlet 'dispatcherServlet'
2019-10-24 15:48:40,952 INFO org.springframework.web.servlet.FrameworkServlet [http-nio-8080-exec-1] Initializing Servlet 'dispatcherServlet'
2019-10-24 15:48:40,962 INFO org.springframework.web.servlet.FrameworkServlet [http-nio-8080-exec-1] Completed initialization in 9 ms
2019-10-24 15:48:41,172 WARN org.apache.juli.logging.DirectJDKLog [http-nio-8080-exec-1] Creation of SecureRandom instance for session ID generation using [SHA1PRNG] took [147] milliseconds.
2019-10-24 15:48:46,838 INFO hu.hibridlevel.test.mvctest.controller.SecurityController [http-nio-8080-exec-8] User list page displayed.
2019-10-24 15:48:49,251 DEBUG hu.hibridlevel.test.mvctest.service.user.UserService [http-nio-8080-exec-1] User find by id: 3
2019-10-24 15:48:49,257 INFO hu.hibridlevel.test.mvctest.controller.SecurityController [http-nio-8080-exec-1] Update user page displayed.
2019-10-24 15:48:50,996 DEBUG hu.hibridlevel.test.mvctest.service.user.UserService [http-nio-8080-exec-2] User find by id: 3
2019-10-24 15:48:50,998 DEBUG hu.hibridlevel.test.mvctest.service.user.UserService [http-nio-8080-exec-2] User find by id: 3
2019-10-24 15:48:51,039 DEBUG hu.hibridlevel.test.mvctest.service.user.UserService [http-nio-8080-exec-2] User role updated: {}
2019-10-24 15:48:51,055 DEBUG hu.hibridlevel.test.mvctest.service.user.UserService [http-nio-8080-exec-4] User find by id: 3
2019-10-24 15:48:51,064 INFO hu.hibridlevel.test.mvctest.controller.SecurityController [http-nio-8080-exec-4] Update user page displayed.
2019-10-24 15:48:52,765 INFO hu.hibridlevel.test.mvctest.controller.SecurityController [http-nio-8080-exec-6] User list page displayed.
2019-10-24 15:48:54,535 DEBUG hu.hibridlevel.test.mvctest.service.user.UserService [http-nio-8080-exec-8] User find by id: 3
2019-10-24 15:48:54,539 INFO hu.hibridlevel.test.mvctest.controller.SecurityController [http-nio-8080-exec-8] Update user page displayed.
2019-10-24 15:48:56,312 DEBUG hu.hibridlevel.test.mvctest.service.user.UserService [http-nio-8080-exec-10] User find by id: 3
2019-10-24 15:48:56,315 DEBUG hu.hibridlevel.test.mvctest.service.user.UserService [http-nio-8080-exec-10] User find by id: 3
2019-10-24 15:48:56,321 DEBUG hu.hibridlevel.test.mvctest.service.user.UserService [http-nio-8080-exec-10] User role updated: {}
2019-10-24 15:48:56,331 DEBUG hu.hibridlevel.test.mvctest.service.user.UserService [http-nio-8080-exec-1] User find by id: 3
2019-10-24 15:48:56,337 INFO hu.hibridlevel.test.mvctest.controller.SecurityController [http-nio-8080-exec-1] Update user page displayed.
2019-10-24 15:48:57,601 INFO hu.hibridlevel.test.mvctest.controller.SecurityController [http-nio-8080-exec-2] User list page displayed.
2019-10-24 15:51:00,078 INFO org.springframework.boot.StartupInfoLogger [main] Starting Application on dev-pc06 with PID 1608 (C:\Users\ivanyip\IdeaProjects\mvctest\build\classes\java\main started by ivanyip in C:\Users\ivanyip\IdeaProjects\mvctest)
2019-10-24 15:51:00,082 DEBUG org.springframework.boot.StartupInfoLogger [main] Running with Spring Boot v2.1.9.RELEASE, Spring v5.1.10.RELEASE
2019-10-24 15:51:00,084 INFO org.springframework.boot.SpringApplication [main] No active profile set, falling back to default profiles: default
2019-10-24 15:51:01,129 INFO org.springframework.data.repository.config.RepositoryConfigurationDelegate [main] Bootstrapping Spring Data repositories in DEFAULT mode.
2019-10-24 15:51:01,229 INFO org.springframework.data.repository.config.RepositoryConfigurationDelegate [main] Finished Spring Data repository scanning in 87ms. Found 2 repository interfaces.
2019-10-24 15:51:01,725 INFO org.springframework.context.support.PostProcessorRegistrationDelegate$BeanPostProcessorChecker [main] Bean 'org.springframework.transaction.annotation.ProxyTransactionManagementConfiguration' of type [org.springframework.transaction.annotation.ProxyTransactionManagementConfiguration$$EnhancerBySpringCGLIB$$f090caa1] is not eligible for getting processed by all BeanPostProcessors (for example: not eligible for auto-proxying)
2019-10-24 15:51:02,197 INFO org.springframework.boot.web.embedded.tomcat.TomcatWebServer [main] Tomcat initialized with port(s): 8080 (http)
2019-10-24 15:51:02,218 INFO org.apache.juli.logging.DirectJDKLog [main] Initializing ProtocolHandler ["http-nio-8080"]
2019-10-24 15:51:02,237 INFO org.apache.juli.logging.DirectJDKLog [main] Starting service [Tomcat]
2019-10-24 15:51:02,237 INFO org.apache.juli.logging.DirectJDKLog [main] Starting Servlet engine: [Apache Tomcat/9.0.26]
2019-10-24 15:51:02,400 INFO org.apache.juli.logging.DirectJDKLog [main] Initializing Spring embedded WebApplicationContext
2019-10-24 15:51:02,401 INFO org.springframework.boot.web.servlet.context.ServletWebServerApplicationContext [main] Root WebApplicationContext: initialization completed in 2244 ms
2019-10-24 15:51:02,629 INFO com.zaxxer.hikari.HikariDataSource [main] HikariPool-1 - Starting...
2019-10-24 15:51:02,849 INFO com.zaxxer.hikari.HikariDataSource [main] HikariPool-1 - Start completed.
2019-10-24 15:51:02,915 INFO org.hibernate.jpa.internal.util.LogHelper [main] HHH000204: Processing PersistenceUnitInfo [
	name: default
	...]
2019-10-24 15:51:03,016 INFO org.hibernate.Version [main] HHH000412: Hibernate Core {5.3.12.Final}
2019-10-24 15:51:03,019 INFO org.hibernate.cfg.Environment [main] HHH000206: hibernate.properties not found
2019-10-24 15:51:03,207 INFO org.hibernate.annotations.common.reflection.java.JavaReflectionManager [main] HCANN000001: Hibernate Commons Annotations {5.0.4.Final}
2019-10-24 15:51:03,400 INFO org.hibernate.dialect.Dialect [main] HHH000400: Using dialect: org.hibernate.dialect.MySQL5Dialect
2019-10-24 15:51:04,297 INFO org.springframework.orm.jpa.AbstractEntityManagerFactoryBean [main] Initialized JPA EntityManagerFactory for persistence unit 'default'
2019-10-24 15:51:04,828 INFO org.hibernate.hql.internal.QueryTranslatorFactoryInitiator [main] HHH000397: Using ASTQueryTranslatorFactory
2019-10-24 15:51:05,126 INFO org.springframework.security.web.DefaultSecurityFilterChain [main] Creating filter chain: any request, [org.springframework.security.web.context.request.async.WebAsyncManagerIntegrationFilter@1e288c76, org.springframework.security.web.context.SecurityContextPersistenceFilter@73c09a98, org.springframework.security.web.header.HeaderWriterFilter@1fa796a4, org.springframework.security.web.authentication.logout.LogoutFilter@446dacf9, org.springframework.security.web.authentication.UsernamePasswordAuthenticationFilter@2ef1fc8a, org.springframework.security.web.savedrequest.RequestCacheAwareFilter@27d6467, org.springframework.security.web.servletapi.SecurityContextHolderAwareRequestFilter@49c4118b, org.springframework.security.web.authentication.AnonymousAuthenticationFilter@738ed8f5, org.springframework.security.web.session.SessionManagementFilter@8dcacf1, org.springframework.security.web.access.ExceptionTranslationFilter@71d2261e, org.springframework.security.web.access.intercept.FilterSecurityInterceptor@520ec7a7]
2019-10-24 15:51:05,321 INFO org.springframework.scheduling.concurrent.ExecutorConfigurationSupport [main] Initializing ExecutorService 'applicationTaskExecutor'
2019-10-24 15:51:05,416 WARN org.springframework.boot.autoconfigure.orm.jpa.JpaBaseConfiguration$JpaWebConfiguration$JpaWebMvcConfiguration [main] spring.jpa.open-in-view is enabled by default. Therefore, database queries may be performed during view rendering. Explicitly configure spring.jpa.open-in-view to disable this warning
2019-10-24 15:51:05,708 INFO org.apache.juli.logging.DirectJDKLog [main] Starting ProtocolHandler ["http-nio-8080"]
2019-10-24 15:51:05,738 INFO org.springframework.boot.web.embedded.tomcat.TomcatWebServer [main] Tomcat started on port(s): 8080 (http) with context path ''
2019-10-24 15:51:05,743 INFO org.springframework.boot.StartupInfoLogger [main] Started Application in 6.335 seconds (JVM running for 6.813)
2019-10-24 15:51:08,366 INFO org.apache.juli.logging.DirectJDKLog [http-nio-8080-exec-1] Initializing Spring DispatcherServlet 'dispatcherServlet'
2019-10-24 15:51:08,368 INFO org.springframework.web.servlet.FrameworkServlet [http-nio-8080-exec-1] Initializing Servlet 'dispatcherServlet'
2019-10-24 15:51:08,376 INFO org.springframework.web.servlet.FrameworkServlet [http-nio-8080-exec-1] Completed initialization in 8 ms
2019-10-24 15:51:12,441 INFO hu.hibridlevel.test.mvctest.controller.SecurityController [http-nio-8080-exec-6] User list page displayed.
2019-10-24 15:51:14,803 DEBUG hu.hibridlevel.test.mvctest.service.user.UserService [http-nio-8080-exec-9] User find by id: 3
2019-10-24 15:51:14,809 INFO hu.hibridlevel.test.mvctest.controller.SecurityController [http-nio-8080-exec-9] Update user page displayed.
2019-10-24 15:51:16,724 DEBUG hu.hibridlevel.test.mvctest.service.user.UserService [http-nio-8080-exec-1] User find by id: 3
2019-10-24 15:51:16,769 DEBUG hu.hibridlevel.test.mvctest.service.user.UserService [http-nio-8080-exec-1] User role updated: {}
2019-10-24 15:51:16,785 DEBUG hu.hibridlevel.test.mvctest.service.user.UserService [http-nio-8080-exec-2] User find by id: 3
2019-10-24 15:51:16,789 INFO hu.hibridlevel.test.mvctest.controller.SecurityController [http-nio-8080-exec-2] Update user page displayed.
2019-10-24 15:51:18,532 INFO hu.hibridlevel.test.mvctest.controller.SecurityController [http-nio-8080-exec-5] User list page displayed.
2019-10-24 15:51:19,672 DEBUG hu.hibridlevel.test.mvctest.service.user.UserService [http-nio-8080-exec-7] User find by id: 3
2019-10-24 15:51:19,676 INFO hu.hibridlevel.test.mvctest.controller.SecurityController [http-nio-8080-exec-7] Update user page displayed.
2019-10-24 15:51:21,039 DEBUG hu.hibridlevel.test.mvctest.service.user.UserService [http-nio-8080-exec-9] User find by id: 3
2019-10-24 15:51:21,045 DEBUG hu.hibridlevel.test.mvctest.service.user.UserService [http-nio-8080-exec-9] User role updated: {}
2019-10-24 15:51:21,054 DEBUG hu.hibridlevel.test.mvctest.service.user.UserService [http-nio-8080-exec-10] User find by id: 3
2019-10-24 15:51:21,059 INFO hu.hibridlevel.test.mvctest.controller.SecurityController [http-nio-8080-exec-10] Update user page displayed.
2019-10-24 15:51:22,225 INFO hu.hibridlevel.test.mvctest.controller.SecurityController [http-nio-8080-exec-2] User list page displayed.
