2019-11-06 16:21:04,623 INFO org.springframework.boot.StartupInfoLogger [Test worker] Starting SecurityControllerTest on dev-pc06 with PID 2384 (started by ivanyip in C:\Users\ivanyip\IdeaProjects\mvctest)
2019-11-06 16:21:04,634 DEBUG org.springframework.boot.StartupInfoLogger [Test worker] Running with Spring Boot v2.1.9.RELEASE, Spring v5.1.10.RELEASE
2019-11-06 16:21:04,635 INFO org.springframework.boot.SpringApplication [Test worker] The following profiles are active: test
2019-11-06 16:21:05,937 INFO org.springframework.data.repository.config.RepositoryConfigurationDelegate [Test worker] Bootstrapping Spring Data repositories in DEFAULT mode.
2019-11-06 16:21:06,056 INFO org.springframework.data.repository.config.RepositoryConfigurationDelegate [Test worker] Finished Spring Data repository scanning in 105ms. Found 2 repository interfaces.
2019-11-06 16:21:06,631 INFO org.springframework.context.support.PostProcessorRegistrationDelegate$BeanPostProcessorChecker [Test worker] Bean 'org.springframework.transaction.annotation.ProxyTransactionManagementConfiguration' of type [org.springframework.transaction.annotation.ProxyTransactionManagementConfiguration$$EnhancerBySpringCGLIB$$5fdbc446] is not eligible for getting processed by all BeanPostProcessors (for example: not eligible for auto-proxying)
2019-11-06 16:21:06,905 INFO com.zaxxer.hikari.HikariDataSource [Test worker] HikariPool-1 - Starting...
2019-11-06 16:21:07,130 INFO com.zaxxer.hikari.HikariDataSource [Test worker] HikariPool-1 - Start completed.
2019-11-06 16:21:07,250 INFO org.hibernate.jpa.internal.util.LogHelper [Test worker] HHH000204: Processing PersistenceUnitInfo [
	name: default
	...]
2019-11-06 16:21:07,378 INFO org.hibernate.Version [Test worker] HHH000412: Hibernate Core {5.3.12.Final}
2019-11-06 16:21:07,382 INFO org.hibernate.cfg.Environment [Test worker] HHH000206: hibernate.properties not found
2019-11-06 16:21:07,670 INFO org.hibernate.annotations.common.reflection.java.JavaReflectionManager [Test worker] HCANN000001: Hibernate Commons Annotations {5.0.4.Final}
2019-11-06 16:21:07,916 INFO org.hibernate.dialect.Dialect [Test worker] HHH000400: Using dialect: org.hibernate.dialect.MySQL5Dialect
2019-11-06 16:21:08,989 INFO org.springframework.orm.jpa.AbstractEntityManagerFactoryBean [Test worker] Initialized JPA EntityManagerFactory for persistence unit 'default'
2019-11-06 16:21:09,662 INFO org.hibernate.hql.internal.QueryTranslatorFactoryInitiator [Test worker] HHH000397: Using ASTQueryTranslatorFactory
2019-11-06 16:21:10,227 INFO org.springframework.security.web.DefaultSecurityFilterChain [Test worker] Creating filter chain: any request, [org.springframework.security.web.context.request.async.WebAsyncManagerIntegrationFilter@34855947, org.springframework.security.web.context.SecurityContextPersistenceFilter@1a7d917e, org.springframework.security.web.header.HeaderWriterFilter@4ac5381d, org.springframework.security.web.authentication.logout.LogoutFilter@1d0c7e42, org.springframework.security.web.authentication.UsernamePasswordAuthenticationFilter@33f0ce07, org.springframework.security.web.savedrequest.RequestCacheAwareFilter@5e8ab3bd, org.springframework.security.web.servletapi.SecurityContextHolderAwareRequestFilter@74c49e0e, org.springframework.security.web.authentication.AnonymousAuthenticationFilter@28a8fb22, org.springframework.security.web.session.SessionManagementFilter@434b8972, org.springframework.security.web.access.ExceptionTranslationFilter@480450db, org.springframework.security.web.access.intercept.FilterSecurityInterceptor@51591231]
2019-11-06 16:21:10,270 WARN org.springframework.boot.autoconfigure.orm.jpa.JpaBaseConfiguration$JpaWebConfiguration$JpaWebMvcConfiguration [Test worker] spring.jpa.open-in-view is enabled by default. Therefore, database queries may be performed during view rendering. Explicitly configure spring.jpa.open-in-view to disable this warning
2019-11-06 16:21:11,518 INFO org.springframework.mock.web.MockServletContext [Test worker] Initializing Spring TestDispatcherServlet ''
2019-11-06 16:21:11,520 INFO org.springframework.web.servlet.FrameworkServlet [Test worker] Initializing Servlet ''
2019-11-06 16:21:11,542 INFO org.springframework.web.servlet.FrameworkServlet [Test worker] Completed initialization in 21 ms
2019-11-06 16:21:11,580 INFO org.springframework.boot.StartupInfoLogger [Test worker] Started SecurityControllerTest in 7.67 seconds (JVM running for 9.171)
2019-11-06 16:21:12,308 INFO org.springframework.orm.jpa.AbstractEntityManagerFactoryBean [Thread-7] Closing JPA EntityManagerFactory for persistence unit 'default'
2019-11-06 16:21:12,312 INFO com.zaxxer.hikari.HikariDataSource [Thread-7] HikariPool-1 - Shutdown initiated...
2019-11-06 16:21:12,315 INFO com.zaxxer.hikari.HikariDataSource [Thread-7] HikariPool-1 - Shutdown completed.
2019-11-06 16:21:46,666 INFO org.springframework.boot.StartupInfoLogger [Test worker] Starting SecurityControllerTest on dev-pc06 with PID 10416 (started by ivanyip in C:\Users\ivanyip\IdeaProjects\mvctest)
2019-11-06 16:21:46,668 DEBUG org.springframework.boot.StartupInfoLogger [Test worker] Running with Spring Boot v2.1.9.RELEASE, Spring v5.1.10.RELEASE
2019-11-06 16:21:46,668 INFO org.springframework.boot.SpringApplication [Test worker] The following profiles are active: test
2019-11-06 16:21:47,852 INFO org.springframework.data.repository.config.RepositoryConfigurationDelegate [Test worker] Bootstrapping Spring Data repositories in DEFAULT mode.
2019-11-06 16:21:47,961 INFO org.springframework.data.repository.config.RepositoryConfigurationDelegate [Test worker] Finished Spring Data repository scanning in 96ms. Found 2 repository interfaces.
2019-11-06 16:21:48,591 INFO org.springframework.context.support.PostProcessorRegistrationDelegate$BeanPostProcessorChecker [Test worker] Bean 'org.springframework.transaction.annotation.ProxyTransactionManagementConfiguration' of type [org.springframework.transaction.annotation.ProxyTransactionManagementConfiguration$$EnhancerBySpringCGLIB$$5fdbc446] is not eligible for getting processed by all BeanPostProcessors (for example: not eligible for auto-proxying)
2019-11-06 16:21:48,870 INFO com.zaxxer.hikari.HikariDataSource [Test worker] HikariPool-1 - Starting...
2019-11-06 16:21:49,095 INFO com.zaxxer.hikari.HikariDataSource [Test worker] HikariPool-1 - Start completed.
2019-11-06 16:21:49,218 INFO org.hibernate.jpa.internal.util.LogHelper [Test worker] HHH000204: Processing PersistenceUnitInfo [
	name: default
	...]
2019-11-06 16:21:49,341 INFO org.hibernate.Version [Test worker] HHH000412: Hibernate Core {5.3.12.Final}
2019-11-06 16:21:49,345 INFO org.hibernate.cfg.Environment [Test worker] HHH000206: hibernate.properties not found
2019-11-06 16:21:49,587 INFO org.hibernate.annotations.common.reflection.java.JavaReflectionManager [Test worker] HCANN000001: Hibernate Commons Annotations {5.0.4.Final}
2019-11-06 16:21:49,822 INFO org.hibernate.dialect.Dialect [Test worker] HHH000400: Using dialect: org.hibernate.dialect.MySQL5Dialect
2019-11-06 16:21:52,089 INFO org.springframework.orm.jpa.AbstractEntityManagerFactoryBean [Test worker] Initialized JPA EntityManagerFactory for persistence unit 'default'
2019-11-06 16:21:52,781 INFO org.hibernate.hql.internal.QueryTranslatorFactoryInitiator [Test worker] HHH000397: Using ASTQueryTranslatorFactory
2019-11-06 16:21:53,328 INFO org.springframework.security.web.DefaultSecurityFilterChain [Test worker] Creating filter chain: any request, [org.springframework.security.web.context.request.async.WebAsyncManagerIntegrationFilter@34855947, org.springframework.security.web.context.SecurityContextPersistenceFilter@1a7d917e, org.springframework.security.web.header.HeaderWriterFilter@4ac5381d, org.springframework.security.web.authentication.logout.LogoutFilter@1d0c7e42, org.springframework.security.web.authentication.UsernamePasswordAuthenticationFilter@33f0ce07, org.springframework.security.web.savedrequest.RequestCacheAwareFilter@5e8ab3bd, org.springframework.security.web.servletapi.SecurityContextHolderAwareRequestFilter@74c49e0e, org.springframework.security.web.authentication.AnonymousAuthenticationFilter@28a8fb22, org.springframework.security.web.session.SessionManagementFilter@434b8972, org.springframework.security.web.access.ExceptionTranslationFilter@480450db, org.springframework.security.web.access.intercept.FilterSecurityInterceptor@51591231]
2019-11-06 16:21:53,371 WARN org.springframework.boot.autoconfigure.orm.jpa.JpaBaseConfiguration$JpaWebConfiguration$JpaWebMvcConfiguration [Test worker] spring.jpa.open-in-view is enabled by default. Therefore, database queries may be performed during view rendering. Explicitly configure spring.jpa.open-in-view to disable this warning
2019-11-06 16:21:54,672 INFO org.springframework.mock.web.MockServletContext [Test worker] Initializing Spring TestDispatcherServlet ''
2019-11-06 16:21:54,673 INFO org.springframework.web.servlet.FrameworkServlet [Test worker] Initializing Servlet ''
2019-11-06 16:21:54,692 INFO org.springframework.web.servlet.FrameworkServlet [Test worker] Completed initialization in 18 ms
2019-11-06 16:21:54,731 INFO org.springframework.boot.StartupInfoLogger [Test worker] Started SecurityControllerTest in 8.687 seconds (JVM running for 10.256)
2019-11-06 16:21:55,304 INFO hu.hibridlevel.test.mvctest.controller.SecurityController [Test worker] User list page displayed.
2019-11-06 16:21:55,974 INFO org.springframework.orm.jpa.AbstractEntityManagerFactoryBean [Thread-7] Closing JPA EntityManagerFactory for persistence unit 'default'
2019-11-06 16:21:55,980 INFO com.zaxxer.hikari.HikariDataSource [Thread-7] HikariPool-1 - Shutdown initiated...
2019-11-06 16:21:55,985 INFO com.zaxxer.hikari.HikariDataSource [Thread-7] HikariPool-1 - Shutdown completed.
